<?xml version="1.0" encoding="UTF-8"?>
<!-- Generated by org.testng.reporters.JUnitXMLReporter -->
<testsuite ignored="0" hostname="LAPTOP-GJQ6NJB6" failures="0" tests="4" name="Default test" time="18.186" errors="0" timestamp="2023-06-24T21:20:47 IST">
  <testcase classname="api.test.UserTests" name="testPostUser" time="5.459"/>
  <testcase classname="api.test.UserTests" name="testGetUserByName" time="2.803"/>
  <testcase classname="api.test.UserTests" name="testUpdateUserByName" time="5.989"/>
  <testcase classname="api.test.UserTests" name="testDeleteuserByName" time="2.857"/>
</testsuite> <!-- Default test -->
