<?xml version="1.0" encoding="UTF-8"?>
<!-- Generated by org.testng.reporters.JUnitXMLReporter -->
<testsuite ignored="0" hostname="LAPTOP-GJQ6NJB6" failures="0" tests="4" name="PetTests" time="19.632" errors="0" timestamp="2023-06-29T16:02:34 IST">
  <testcase classname="api.test.UserTests2" name="testPostUser" time="6.175"/>
  <testcase classname="api.test.UserTests2" name="testGetUserByName" time="3.867"/>
  <testcase classname="api.test.UserTests2" name="testUpdateUserByName" time="5.931"/>
  <testcase classname="api.test.UserTests2" name="testDeleteuserByName" time="2.246"/>
</testsuite> <!-- PetTests -->
