<?xml version="1.0" encoding="UTF-8"?>
<!-- Generated by org.testng.reporters.JUnitXMLReporter -->
<testsuite ignored="0" hostname="LAPTOP-GJQ6NJB6" failures="0" tests="4" name="PetTests" time="17.02" errors="0" timestamp="2023-06-29T16:29:36 IST">
  <testcase classname="api.test.UserTests2" name="testPostUser" time="5.398"/>
  <testcase classname="api.test.UserTests2" name="testGetUserByName" time="2.46"/>
  <testcase classname="api.test.UserTests2" name="testUpdateUserByName" time="5.517"/>
  <testcase classname="api.test.UserTests2" name="testDeleteuserByName" time="2.456"/>
</testsuite> <!-- PetTests -->
