<?xml version="1.0" encoding="UTF-8"?>
<!-- Generated by org.testng.reporters.JUnitXMLReporter -->
<testsuite ignored="0" hostname="LAPTOP-GJQ6NJB6" failures="0" tests="4" name="PetTests" time="18.383" errors="0" timestamp="2023-06-29T10:19:24 IST">
  <testcase classname="api.test.UserTests2" name="testPostUser" time="5.128"/>
  <testcase classname="api.test.UserTests2" name="testGetUserByName" time="3.889"/>
  <testcase classname="api.test.UserTests2" name="testUpdateUserByName" time="6.338"/>
  <testcase classname="api.test.UserTests2" name="testDeleteuserByName" time="1.852"/>
</testsuite> <!-- PetTests -->
