<?xml version="1.0" encoding="UTF-8"?>
<!-- Generated by org.testng.reporters.JUnitXMLReporter -->
<testsuite ignored="0" hostname="LAPTOP-GJQ6NJB6" failures="0" tests="4" name="PetTests" time="19.445" errors="0" timestamp="2023-06-24T12:42:21 IST">
  <testcase classname="api.test.UserTests" name="testPostUser" time="6.005"/>
  <testcase classname="api.test.UserTests" name="testGetUserByName" time="4.368"/>
  <testcase classname="api.test.UserTests" name="testUpdateUserByName" time="5.008"/>
  <testcase classname="api.test.UserTests" name="testDeleteuserByName" time="3.17"/>
</testsuite> <!-- PetTests -->
